生成启动时间为 2016/10/31 16:54:04。
     1>项目“H:\myself\skeleton_extract\skeleton_extract\skeleton_extract.vcxproj”在节点 2 上(build 个目标)。
     1>InitializeBuildStatus:
         正在创建“Debug\skeleton_extract.unsuccessfulbuild”，因为已指定“AlwaysCreate”。
       ClCompile:
         D:\Microsoft Visual Studio 10.0\VC\bin\CL.exe /c /ZI /nologo /W3 /WX- /Od /Oy- /D _MBCS /Gm /EHsc /RTC1 /MDd /GS /fp:precise /Zc:wchar_t /Zc:forScope /Fo"Debug\\" /Fd"Debug\vc100.pdb" /Gd /TP /analyze- /errorReport:prompt PointCloud.cpp
         PointCloud.cpp
     1>h:\myself\skeleton_extract\skeleton_extract\pointcloud.cpp(117): warning C4018: “>”: 有符号/无符号不匹配
     1>h:\myself\skeleton_extract\skeleton_extract\pointcloud.cpp(122): warning C4244: “参数”: 从“time_t”转换到“unsigned int”，可能丢失数据
     1>h:\myself\skeleton_extract\skeleton_extract\pointcloud.cpp(123): warning C4018: “<”: 有符号/无符号不匹配
     1>h:\myself\skeleton_extract\skeleton_extract\pointcloud.cpp(146): warning C4244: “=”: 从“double”转换到“float”，可能丢失数据
     1>h:\myself\skeleton_extract\skeleton_extract\pointcloud.cpp(147): warning C4244: “=”: 从“double”转换到“float”，可能丢失数据
     1>h:\myself\skeleton_extract\skeleton_extract\pointcloud.cpp(148): warning C4244: “=”: 从“double”转换到“float”，可能丢失数据
     1>h:\myself\skeleton_extract\skeleton_extract\pointcloud.cpp(149): warning C4244: “=”: 从“double”转换到“float”，可能丢失数据
     1>h:\myself\skeleton_extract\skeleton_extract\pointcloud.cpp(150): warning C4244: “=”: 从“double”转换到“float”，可能丢失数据
     1>h:\myself\skeleton_extract\skeleton_extract\pointcloud.cpp(151): warning C4244: “=”: 从“double”转换到“float”，可能丢失数据
     1>h:\myself\skeleton_extract\skeleton_extract\pointcloud.cpp(172): warning C4244: “=”: 从“double”转换到“float”，可能丢失数据
     1>h:\myself\skeleton_extract\skeleton_extract\pointcloud.cpp(173): warning C4244: “=”: 从“double”转换到“float”，可能丢失数据
     1>h:\myself\skeleton_extract\skeleton_extract\pointcloud.cpp(174): warning C4244: “=”: 从“double”转换到“float”，可能丢失数据
     1>h:\myself\skeleton_extract\skeleton_extract\pointcloud.cpp(175): warning C4244: “=”: 从“double”转换到“float”，可能丢失数据
     1>h:\myself\skeleton_extract\skeleton_extract\pointcloud.cpp(176): warning C4244: “=”: 从“double”转换到“float”，可能丢失数据
     1>h:\myself\skeleton_extract\skeleton_extract\pointcloud.cpp(177): warning C4244: “=”: 从“double”转换到“float”，可能丢失数据
       Link:
         D:\Microsoft Visual Studio 10.0\VC\bin\link.exe /ERRORREPORT:PROMPT /OUT:"H:\myself\skeleton_extract\Debug\skeleton_extract.exe" /NOLOGO kernel32.lib user32.lib gdi32.lib winspool.lib comdlg32.lib advapi32.lib shell32.lib ole32.lib oleaut32.lib uuid.lib odbc32.lib odbccp32.lib /MANIFEST /ManifestFile:"Debug\skeleton_extract.exe.intermediate.manifest" /MANIFESTUAC:"level='asInvoker' uiAccess='false'" /DEBUG /PDB:"H:\myself\skeleton_extract\Debug\skeleton_extract.pdb" /SUBSYSTEM:CONSOLE /TLBID:1 /DYNAMICBASE /NXCOMPAT /IMPLIB:"H:\myself\skeleton_extract\Debug\skeleton_extract.lib" /MACHINE:X86 Debug\main.obj
         Debug\Point3D.obj
         Debug\PointCloud.obj
         Debug\Vertex.obj
         LINK : 没有找到 H:\myself\skeleton_extract\Debug\skeleton_extract.exe 或上一个增量链接没有生成它；正在执行完全链接
         skeleton_extract.vcxproj -> H:\myself\skeleton_extract\Debug\skeleton_extract.exe
       Manifest:
         C:\Program Files (x86)\Microsoft SDKs\Windows\v7.0A\bin\mt.exe /nologo /verbose /outputresource:"H:\myself\skeleton_extract\Debug\skeleton_extract.exe;#1" /manifest Debug\skeleton_extract.exe.intermediate.manifest
       FinalizeBuildStatus:
         正在删除文件“Debug\skeleton_extract.unsuccessfulbuild”。
         正在对“Debug\skeleton_extract.lastbuildstate”执行 Touch 任务。
     1>已完成生成项目“H:\myself\skeleton_extract\skeleton_extract\skeleton_extract.vcxproj”(build 个目标)的操作。

生成成功。

已用时间 00:00:01.03
